Determining if the pthread_create exist failed with the following output:
Change Dir: /mnt/d/Stuff/Roland/Uni/2018Sem1Courses/metr4810_team4_2018/orientation_control/msp/build/CMakeFiles/CMakeTmp

Run Build Command:"/usr/bin/make" "cmTC_71127/fast"
/usr/bin/make -f CMakeFiles/cmTC_71127.dir/build.make CMakeFiles/cmTC_71127.dir/build
make[1]: Entering directory '/mnt/d/Stuff/Roland/Uni/2018Sem1Courses/metr4810_team4_2018/orientation_control/msp/build/CMakeFiles/CMakeTmp'
Building C object CMakeFiles/cmTC_71127.dir/CheckSymbolExists.c.o
/usr/bin/cc     -o CMakeFiles/cmTC_71127.dir/CheckSymbolExists.c.o   -c /mnt/d/Stuff/Roland/Uni/2018Sem1Courses/metr4810_team4_2018/orientation_control/msp/build/CMakeFiles/CMakeTmp/CheckSymbolExists.c
Linking C executable cmTC_71127
/usr/bin/cmake -E cmake_link_script CMakeFiles/cmTC_71127.dir/link.txt --verbose=1
/usr/bin/cc       CMakeFiles/cmTC_71127.dir/CheckSymbolExists.c.o  -o cmTC_71127 -rdynamic 
CMakeFiles/cmTC_71127.dir/CheckSymbolExists.c.o: In function `main':
CheckSymbolExists.c:(.text+0x16): undefined reference to `pthread_create'
collect2: error: ld returned 1 exit status
CMakeFiles/cmTC_71127.dir/build.make:97: recipe for target 'cmTC_71127' failed
make[1]: *** [cmTC_71127] Error 1
make[1]: Leaving directory '/mnt/d/Stuff/Roland/Uni/2018Sem1Courses/metr4810_team4_2018/orientation_control/msp/build/CMakeFiles/CMakeTmp'
Makefile:126: recipe for target 'cmTC_71127/fast' failed
make: *** [cmTC_71127/fast] Error 2

File /mnt/d/Stuff/Roland/Uni/2018Sem1Courses/metr4810_team4_2018/orientation_control/msp/build/CMakeFiles/CMakeTmp/CheckSymbolExists.c:
/* */
#include <pthread.h>

int main(int argc, char** argv)
{
  (void)argv;
#ifndef pthread_create
  return ((int*)(&pthread_create))[argc];
#else
  (void)argc;
  return 0;
#endif
}

Determining if the function pthread_create exists in the pthreads failed with the following output:
Change Dir: /mnt/d/Stuff/Roland/Uni/2018Sem1Courses/metr4810_team4_2018/orientation_control/msp/build/CMakeFiles/CMakeTmp

Run Build Command:"/usr/bin/make" "cmTC_17b52/fast"
/usr/bin/make -f CMakeFiles/cmTC_17b52.dir/build.make CMakeFiles/cmTC_17b52.dir/build
make[1]: Entering directory '/mnt/d/Stuff/Roland/Uni/2018Sem1Courses/metr4810_team4_2018/orientation_control/msp/build/CMakeFiles/CMakeTmp'
Building C object CMakeFiles/cmTC_17b52.dir/CheckFunctionExists.c.o
/usr/bin/cc    -DCHECK_FUNCTION_EXISTS=pthread_create   -o CMakeFiles/cmTC_17b52.dir/CheckFunctionExists.c.o   -c /usr/share/cmake-3.5/Modules/CheckFunctionExists.c
Linking C executable cmTC_17b52
/usr/bin/cmake -E cmake_link_script CMakeFiles/cmTC_17b52.dir/link.txt --verbose=1
/usr/bin/cc   -DCHECK_FUNCTION_EXISTS=pthread_create    CMakeFiles/cmTC_17b52.dir/CheckFunctionExists.c.o  -o cmTC_17b52 -rdynamic -lpthreads 
/usr/bin/ld: cannot find -lpthreads
collect2: error: ld returned 1 exit status
CMakeFiles/cmTC_17b52.dir/build.make:97: recipe for target 'cmTC_17b52' failed
make[1]: *** [cmTC_17b52] Error 1
make[1]: Leaving directory '/mnt/d/Stuff/Roland/Uni/2018Sem1Courses/metr4810_team4_2018/orientation_control/msp/build/CMakeFiles/CMakeTmp'
Makefile:126: recipe for target 'cmTC_17b52/fast' failed
make: *** [cmTC_17b52/fast] Error 2


Determining if the pthread_create exist failed with the following output:
Change Dir: /home/pi/orientation_control/team4_oc/build/CMakeFiles/CMakeTmp

Run Build Command:"/usr/bin/make" "cmTC_2c154/fast"
/usr/bin/make -f CMakeFiles/cmTC_2c154.dir/build.make CMakeFiles/cmTC_2c154.dir/build
make[1]: Entering directory '/home/pi/orientation_control/team4_oc/build/CMakeFiles/CMakeTmp'
Building C object CMakeFiles/cmTC_2c154.dir/CheckSymbolExists.c.o
/usr/bin/cc     -o CMakeFiles/cmTC_2c154.dir/CheckSymbolExists.c.o   -c /home/pi/orientation_control/team4_oc/build/CMakeFiles/CMakeTmp/CheckSymbolExists.c
Linking C executable cmTC_2c154
/usr/bin/cmake -E cmake_link_script CMakeFiles/cmTC_2c154.dir/link.txt --verbose=1
/usr/bin/cc       CMakeFiles/cmTC_2c154.dir/CheckSymbolExists.c.o  -o cmTC_2c154 -rdynamic 
CMakeFiles/cmTC_2c154.dir/CheckSymbolExists.c.o: In function `main':
CheckSymbolExists.c:(.text+0x38): undefined reference to `pthread_create'
collect2: error: ld returned 1 exit status
CMakeFiles/cmTC_2c154.dir/build.make:97: recipe for target 'cmTC_2c154' failed
make[1]: *** [cmTC_2c154] Error 1
make[1]: Leaving directory '/home/pi/orientation_control/team4_oc/build/CMakeFiles/CMakeTmp'
Makefile:126: recipe for target 'cmTC_2c154/fast' failed
make: *** [cmTC_2c154/fast] Error 2

File /home/pi/orientation_control/team4_oc/build/CMakeFiles/CMakeTmp/CheckSymbolExists.c:
/* */
#include <pthread.h>

int main(int argc, char** argv)
{
  (void)argv;
#ifndef pthread_create
  return ((int*)(&pthread_create))[argc];
#else
  (void)argc;
  return 0;
#endif
}

Determining if the function pthread_create exists in the pthreads failed with the following output:
Change Dir: /home/pi/orientation_control/team4_oc/build/CMakeFiles/CMakeTmp

Run Build Command:"/usr/bin/make" "cmTC_caab3/fast"
/usr/bin/make -f CMakeFiles/cmTC_caab3.dir/build.make CMakeFiles/cmTC_caab3.dir/build
make[1]: Entering directory '/home/pi/orientation_control/team4_oc/build/CMakeFiles/CMakeTmp'
Building C object CMakeFiles/cmTC_caab3.dir/CheckFunctionExists.c.o
/usr/bin/cc    -DCHECK_FUNCTION_EXISTS=pthread_create   -o CMakeFiles/cmTC_caab3.dir/CheckFunctionExists.c.o   -c /usr/share/cmake-3.7/Modules/CheckFunctionExists.c
Linking C executable cmTC_caab3
/usr/bin/cmake -E cmake_link_script CMakeFiles/cmTC_caab3.dir/link.txt --verbose=1
/usr/bin/cc   -DCHECK_FUNCTION_EXISTS=pthread_create    CMakeFiles/cmTC_caab3.dir/CheckFunctionExists.c.o  -o cmTC_caab3 -rdynamic -lpthreads 
/usr/bin/ld: cannot find -lpthreads
collect2: error: ld returned 1 exit status
CMakeFiles/cmTC_caab3.dir/build.make:97: recipe for target 'cmTC_caab3' failed
make[1]: *** [cmTC_caab3] Error 1
make[1]: Leaving directory '/home/pi/orientation_control/team4_oc/build/CMakeFiles/CMakeTmp'
Makefile:126: recipe for target 'cmTC_caab3/fast' failed
make: *** [cmTC_caab3/fast] Error 2


